<?xml version="1.0" encoding="UTF-8"?>
<!-- Generated by org.testng.reporters.JUnitXMLReporter -->
<testsuite ignored="0" hostname="LAPTOP-DR8LVL04" failures="0" tests="5" name="Test" time="0.096" errors="0" timestamp="2024-06-18T21:06:36 IST">
  <testcase classname="annotation.TestNg.Class_Annotations" name="m1" time="0.007"/>
  <testcase classname="annotation.TestNg.Class_Annotations" name="m2" time="0.001"/>
  <testcase classname="annotation.TestNg.Method_Annotations" name="m1" time="0.002"/>
  <testcase classname="annotation.TestNg.Method_Annotations" name="m2" time="0.001"/>
  <testcase classname="annotation.TestNg.Simple_FirstNG" name="method" time="0.002"/>
</testsuite> <!-- Test -->
