<?xml version="1.0" encoding="UTF-8"?>
<testng-results ignored="0" total="2" passed="2" failed="0" skipped="0">
  <reporter-output>
  </reporter-output>
  <suite started-at="2024-06-18T21:01:29 IST" name="Default suite" finished-at="2024-06-18T21:01:29 IST" duration-ms="75">
    <groups>
    </groups>
    <test started-at="2024-06-18T21:01:29 IST" name="Default test" finished-at="2024-06-18T21:01:29 IST" duration-ms="75">
      <class name="annotation.TestNg.Class_Annotations">
        <test-method is-config="true" signature="beforeClass()[pri:0, instance:annotation.TestNg.Class_Annotations@235834f2]" started-at="2024-06-18T21:01:29 IST" name="beforeClass" finished-at="2024-06-18T21:01:29 IST" duration-ms="11" status="PASS">
          <reporter-output>
          </reporter-output>
        </test-method> <!-- beforeClass -->
        <test-method is-config="true" signature="beforeMethod()[pri:0, instance:annotation.TestNg.Class_Annotations@235834f2]" started-at="2024-06-18T21:01:29 IST" name="beforeMethod" finished-at="2024-06-18T21:01:29 IST" duration-ms="1" status="PASS">
          <reporter-output>
          </reporter-output>
        </test-method> <!-- beforeMethod -->
        <test-method signature="m1()[pri:0, instance:annotation.TestNg.Class_Annotations@235834f2]" started-at="2024-06-18T21:01:29 IST" name="m1" finished-at="2024-06-18T21:01:29 IST" duration-ms="5" status="PASS">
          <reporter-output>
          </reporter-output>
        </test-method> <!-- m1 -->
        <test-method is-config="true" signature="afterMethod()[pri:0, instance:annotation.TestNg.Class_Annotations@235834f2]" started-at="2024-06-18T21:01:29 IST" name="afterMethod" finished-at="2024-06-18T21:01:29 IST" duration-ms="0" status="PASS">
          <reporter-output>
          </reporter-output>
        </test-method> <!-- afterMethod -->
        <test-method is-config="true" signature="beforeMethod()[pri:0, instance:annotation.TestNg.Class_Annotations@235834f2]" started-at="2024-06-18T21:01:29 IST" name="beforeMethod" finished-at="2024-06-18T21:01:29 IST" duration-ms="1" status="PASS">
          <reporter-output>
          </reporter-output>
        </test-method> <!-- beforeMethod -->
        <test-method signature="m2()[pri:0, instance:annotation.TestNg.Class_Annotations@235834f2]" started-at="2024-06-18T21:01:29 IST" name="m2" finished-at="2024-06-18T21:01:29 IST" duration-ms="1" status="PASS">
          <reporter-output>
          </reporter-output>
        </test-method> <!-- m2 -->
        <test-method is-config="true" signature="afterMethod()[pri:0, instance:annotation.TestNg.Class_Annotations@235834f2]" started-at="2024-06-18T21:01:29 IST" name="afterMethod" finished-at="2024-06-18T21:01:29 IST" duration-ms="0" status="PASS">
          <reporter-output>
          </reporter-output>
        </test-method> <!-- afterMethod -->
        <test-method is-config="true" signature="afterClass()[pri:0, instance:annotation.TestNg.Class_Annotations@235834f2]" started-at="2024-06-18T21:01:29 IST" name="afterClass" finished-at="2024-06-18T21:01:29 IST" duration-ms="1" status="PASS">
          <reporter-output>
          </reporter-output>
        </test-method> <!-- afterClass -->
      </class> <!-- annotation.TestNg.Class_Annotations -->
    </test> <!-- Default test -->
  </suite> <!-- Default suite -->
</testng-results>
