<?xml version="1.0" encoding="UTF-8"?>
<testng-results ignored="0" total="4" passed="4" failed="0" skipped="0">
  <reporter-output>
  </reporter-output>
  <suite started-at="2024-06-18T22:17:14 IST" name="Default suite" finished-at="2024-06-18T22:17:14 IST" duration-ms="62">
    <groups>
    </groups>
    <test started-at="2024-06-18T22:17:14 IST" name="Default test" finished-at="2024-06-18T22:17:14 IST" duration-ms="62">
      <class name="annotation.TestNg.Depends_Method">
        <test-method signature="driverInitialize()[pri:1, instance:annotation.TestNg.Depends_Method@5c33f1a9]" started-at="2024-06-18T22:17:14 IST" name="driverInitialize" finished-at="2024-06-18T22:17:14 IST" duration-ms="8" status="PASS">
          <reporter-output>
          </reporter-output>
        </test-method> <!-- driverInitialize -->
        <test-method signature="enterUrl()[pri:0, instance:annotation.TestNg.Depends_Method@5c33f1a9]" started-at="2024-06-18T22:17:14 IST" name="enterUrl" finished-at="2024-06-18T22:17:14 IST" depends-on-methods="annotation.TestNg.Depends_Method.driverInitialize" duration-ms="1" status="PASS">
          <reporter-output>
          </reporter-output>
        </test-method> <!-- enterUrl -->
        <test-method signature="enterCredential()[pri:0, instance:annotation.TestNg.Depends_Method@5c33f1a9]" started-at="2024-06-18T22:17:14 IST" name="enterCredential" finished-at="2024-06-18T22:17:14 IST" depends-on-methods="annotation.TestNg.Depends_Method.enterUrl" duration-ms="1" status="PASS">
          <reporter-output>
          </reporter-output>
        </test-method> <!-- enterCredential -->
        <test-method signature="driverClosing()[pri:0, instance:annotation.TestNg.Depends_Method@5c33f1a9]" started-at="2024-06-18T22:17:14 IST" name="driverClosing" finished-at="2024-06-18T22:17:14 IST" depends-on-methods="annotation.TestNg.Depends_Method.enterCredential" duration-ms="1" status="PASS">
          <reporter-output>
          </reporter-output>
        </test-method> <!-- driverClosing -->
      </class> <!-- annotation.TestNg.Depends_Method -->
    </test> <!-- Default test -->
  </suite> <!-- Default suite -->
</testng-results>
